[2025-01-11 20:26:49,295: INFO: common : yaml file: config\config.yaml loaded successfully]
[2025-01-11 20:26:49,297: INFO: common : yaml file: params.yaml loaded successfully]
[2025-01-11 20:26:49,300: INFO: common : created directory at: artifacts]
[2025-01-11 20:26:49,302: INFO: common : created directory at: artifacts/data_ingestion]
[2025-01-11 20:28:17,220: INFO: common : yaml file: config\config.yaml loaded successfully]
[2025-01-11 20:28:17,222: INFO: common : yaml file: params.yaml loaded successfully]
[2025-01-11 20:28:17,225: INFO: common : created directory at: artifacts]
[2025-01-11 20:28:17,227: INFO: common : created directory at: artifacts/data_ingestion]
[2025-01-11 20:29:07,788: INFO: common : yaml file: config\config.yaml loaded successfully]
[2025-01-11 20:29:07,791: INFO: common : yaml file: params.yaml loaded successfully]
[2025-01-11 20:29:07,791: INFO: common : created directory at: artifacts]
[2025-01-11 20:29:07,791: INFO: common : created directory at: artifacts/data_ingestion]
[2025-01-11 20:30:13,123: INFO: common : yaml file: config\config.yaml loaded successfully]
[2025-01-11 20:30:13,126: INFO: common : yaml file: params.yaml loaded successfully]
[2025-01-11 20:30:13,128: INFO: common : created directory at: artifacts]
[2025-01-11 20:30:13,131: INFO: common : created directory at: artifacts/data_ingestion]
[2025-01-11 20:36:34,233: INFO: common : yaml file: config\config.yaml loaded successfully]
[2025-01-11 20:36:34,233: INFO: common : yaml file: params.yaml loaded successfully]
[2025-01-11 20:36:34,233: INFO: common : created directory at: artifacts]
[2025-01-11 20:36:34,241: INFO: common : created directory at: artifacts/data_ingestion]
[2025-01-11 20:36:34,241: INFO: 3441628575 : Downloading data from https://raw.githubusercontent.com/santhoshreddybora/NLP_data/refs/heads/main/summarizer-data.zip]
[2025-01-11 20:36:36,915: INFO: 3441628575 : Data downloaded to artifacts/data_ingestion/data.zip]
[2025-01-11 20:36:36,918: INFO: 3441628575 : Extracting zip file artifacts/data_ingestion/data.zip]
[2025-01-11 20:36:37,136: INFO: 3441628575 : Data extracted to artifacts/data_ingestion]
[2025-01-11 20:37:13,194: INFO: common : yaml file: config\config.yaml loaded successfully]
[2025-01-11 20:37:13,194: INFO: common : yaml file: params.yaml loaded successfully]
[2025-01-11 20:37:13,205: INFO: common : created directory at: artifacts]
[2025-01-11 20:37:13,209: INFO: common : created directory at: artifacts/data_ingestion]
[2025-01-11 20:37:13,211: INFO: 3441628575 : Downloading data from https://raw.githubusercontent.com/santhoshreddybora/NLP_data/refs/heads/main/summarizer-data.zip]
[2025-01-11 20:37:13,211: INFO: 3441628575 : artifacts/data_ingestion/data.zip already exists]
[2025-01-11 20:37:13,219: INFO: 3441628575 : Extracting zip file artifacts/data_ingestion/data.zip]
[2025-01-11 20:37:13,385: INFO: 3441628575 : Data extracted to artifacts/data_ingestion]
